<?xml version="1.0" encoding="UTF-8"?>
<!-- Generated by org.testng.reporters.JUnitReportReporter -->
<testsuite skipped="0" hostname="BDC6-DX-6FJBNK2" name="SeleniumDay1.NewCategory" tests="1" failures="0" timestamp="28 Aug 2019 05:07:12 GMT" time="7.556" errors="0">
  <testcase name="openApplication" time="7.556" classname="SeleniumDay1.NewCategory"/>
</testsuite> <!-- SeleniumDay1.NewCategory -->
