<?xml version="1.0" encoding="UTF-8"?>
<!-- Generated by org.testng.reporters.JUnitReportReporter -->
<testsuite skipped="0" hostname="BDC6-DX-6FJBNK2" name="SeleniumDay1.Cart" tests="1" failures="0" timestamp="30 Aug 2019 09:53:15 GMT" time="20.973" errors="0">
  <testcase name="openApplication" time="20.973" classname="SeleniumDay1.Cart"/>
</testsuite> <!-- SeleniumDay1.Cart -->
