<?xml version="1.0" encoding="UTF-8"?>
<!-- Generated by org.testng.reporters.JUnitReportReporter -->
<testsuite skipped="0" hostname="BDC6-DX-6FJBNK2" name="SeleniumDay1.Demo05" tests="1" failures="0" timestamp="28 Aug 2019 06:04:14 GMT" time="17.621" errors="0">
  <testcase name="openApplication" time="17.621" classname="SeleniumDay1.Demo05"/>
</testsuite> <!-- SeleniumDay1.Demo05 -->
