<?xml version="1.0" encoding="UTF-8"?>
<!-- Generated by org.testng.reporters.JUnitReportReporter -->
<testsuite skipped="0" hostname="BDC6-DX-6FJBNK2" name="SeleniumDay1.NewTest4" tests="1" failures="0" timestamp="27 Aug 2019 11:30:37 GMT" time="93.977" errors="0">
  <testcase name="openApplication" time="93.977" classname="SeleniumDay1.NewTest4"/>
</testsuite> <!-- SeleniumDay1.NewTest4 -->
