<?xml version="1.0" encoding="UTF-8"?>
<!-- Generated by org.testng.reporters.JUnitReportReporter -->
<testsuite skipped="0" hostname="BDC6-DX-6FJBNK2" name="SeleniumDay1.WriteExcel" tests="1" failures="0" timestamp="29 Aug 2019 04:21:16 GMT" time="1.732" errors="0">
  <testcase name="writeExcel" time="1.732" classname="SeleniumDay1.WriteExcel"/>
</testsuite> <!-- SeleniumDay1.WriteExcel -->
