<?xml version="1.0" encoding="UTF-8"?>
<!-- Generated by org.testng.reporters.JUnitReportReporter -->
<testsuite skipped="0" hostname="BDC6-DX-6FJBNK2" name="SeleniumDay1.SummerWear" tests="1" failures="0" timestamp="28 Aug 2019 09:40:35 GMT" time="36.079" errors="0">
  <testcase name="openApplication" time="36.079" classname="SeleniumDay1.SummerWear"/>
</testsuite> <!-- SeleniumDay1.SummerWear -->
