<?xml version="1.0" encoding="UTF-8"?>
<!-- Generated by org.testng.reporters.JUnitReportReporter -->
<testsuite skipped="0" hostname="BDC6-DX-6FJBNK2" name="SeleniumDay1.Action_Hover" tests="1" failures="0" timestamp="28 Aug 2019 07:27:28 GMT" time="7.591" errors="0">
  <testcase name="openApplication" time="7.591" classname="SeleniumDay1.Action_Hover"/>
</testsuite> <!-- SeleniumDay1.Action_Hover -->
