<?xml version="1.0" encoding="UTF-8"?>
<!-- Generated by org.testng.reporters.JUnitReportReporter -->
<testsuite skipped="0" hostname="BDC6-DX-6FJBNK2" name="SeleniumDay1.NewTest3" tests="1" failures="0" timestamp="27 Aug 2019 10:33:55 GMT" time="1.374" errors="0">
  <testcase name="openApplication" time="1.374" classname="SeleniumDay1.NewTest3"/>
</testsuite> <!-- SeleniumDay1.NewTest3 -->
