<?xml version="1.0" encoding="UTF-8"?>
<!-- Generated by org.testng.reporters.JUnitReportReporter -->
<testsuite skipped="0" hostname="BDC6-DX-6FJBNK2" name="SeleniumDay1.Login" tests="2" failures="0" timestamp="29 Aug 2019 03:30:59 GMT" time="180.109" errors="0">
  <testcase name="openApplication" time="82.955" classname="SeleniumDay1.Login"/>
  <testcase name="openApplication" time="97.154" classname="SeleniumDay1.Login"/>
</testsuite> <!-- SeleniumDay1.Login -->
