<?xml version="1.0" encoding="UTF-8"?>
<!-- Generated by org.testng.reporters.JUnitReportReporter -->
<testsuite skipped="0" hostname="BDC6-DX-6FJBNK2" name="SeleniumDay1.NormalRegister" tests="1" failures="0" timestamp="29 Aug 2019 07:13:00 GMT" time="379.838" errors="0">
  <testcase name="testRegistration" time="379.838" classname="SeleniumDay1.NormalRegister"/>
</testsuite> <!-- SeleniumDay1.NormalRegister -->
