<?xml version="1.0" encoding="UTF-8"?>
<!-- Generated by org.testng.reporters.JUnitReportReporter -->
<testsuite skipped="0" hostname="BDC6-DX-6FJBNK2" name="SeleniumDay1.ReadExcel" tests="1" failures="0" timestamp="28 Aug 2019 10:47:49 GMT" time="3.324" errors="0">
  <testcase name="ftestExcel" time="3.324" classname="SeleniumDay1.ReadExcel"/>
</testsuite> <!-- SeleniumDay1.ReadExcel -->
