<?xml version="1.0" encoding="UTF-8"?>
<!-- Generated by org.testng.reporters.JUnitReportReporter -->
<testsuite skipped="0" hostname="BDC6-DX-6FJBNK2" name="SeleniumDay1.NewTest2" tests="1" failures="0" timestamp="27 Aug 2019 10:32:25 GMT" time="16.903" errors="0">
  <testcase name="openApplication" time="16.903" classname="SeleniumDay1.NewTest2"/>
</testsuite> <!-- SeleniumDay1.NewTest2 -->
