<?xml version="1.0" encoding="UTF-8"?>
<!-- Generated by org.testng.reporters.JUnitReportReporter -->
<testsuite skipped="0" hostname="BDC6-DX-6FJBNK2" name="SeleniumDay1.NewTest1" tests="1" failures="0" timestamp="27 Aug 2019 10:29:47 GMT" time="3.060" errors="0">
  <testcase name="openApplication" time="3.060" classname="SeleniumDay1.NewTest1"/>
</testsuite> <!-- SeleniumDay1.NewTest1 -->
