<?xml version="1.0" encoding="UTF-8"?>
<!-- Generated by org.testng.reporters.JUnitReportReporter -->
<testsuite skipped="0" hostname="BDC6-DX-6FJBNK2" name="SeleniumDay1.WaitCommands" tests="1" failures="0" timestamp="28 Aug 2019 06:42:06 GMT" time="3.886" errors="0">
  <testcase name="openApplication" time="3.886" classname="SeleniumDay1.WaitCommands"/>
</testsuite> <!-- SeleniumDay1.WaitCommands -->
